./albertobsd-keyhunt/keyhunt.cpp:550:					checkpointer((void *)bit_range_str_min,__FILE__,"malloc","bit_range_str_min" ,__LINE__ -1);
./albertobsd-keyhunt/keyhunt.cpp:557:					checkpointer((void *)bit_range_str_max,__FILE__,"malloc","bit_range_str_min" ,__LINE__ -1);
./albertobsd-keyhunt/keyhunt.cpp:589:					str_baseminikey = (char*) malloc(23);
./albertobsd-keyhunt/keyhunt.cpp:590:					checkpointer((void *)str_baseminikey,__FILE__,"malloc","str_baseminikey" ,__LINE__ - 1);
./albertobsd-keyhunt/keyhunt.cpp:591:					raw_baseminikey = (char*) malloc(23);
./albertobsd-keyhunt/keyhunt.cpp:592:					checkpointer((void *)raw_baseminikey,__FILE__,"malloc","raw_baseminikey" ,__LINE__ - 1);
./albertobsd-keyhunt/keyhunt.cpp:691:							vanity_bloom = (struct bloom*) calloc(1,sizeof(struct bloom));
./albertobsd-keyhunt/keyhunt.cpp:692:							checkpointer((void *)vanity_bloom,__FILE__,"calloc","vanity_bloom" ,__LINE__ -1);
./albertobsd-keyhunt/keyhunt.cpp:760:					free(hextemp);
./albertobsd-keyhunt/keyhunt.cpp:776:					vanity_bloom = (struct bloom*) calloc(1,sizeof(struct bloom));
./albertobsd-keyhunt/keyhunt.cpp:777:					checkpointer((void *)vanity_bloom,__FILE__,"calloc","vanity_bloom" ,__LINE__ -1);
./albertobsd-keyhunt/keyhunt.cpp:940:			minikeyN = (char*) malloc(22);
./albertobsd-keyhunt/keyhunt.cpp:941:			checkpointer((void *)minikeyN,__FILE__,"malloc","minikeyN" ,__LINE__ -1);
./albertobsd-keyhunt/keyhunt.cpp:977:			free(hextemp);
./albertobsd-keyhunt/keyhunt.cpp:980:			free(hextemp);
./albertobsd-keyhunt/keyhunt.cpp:1016:		aux = (char*) malloc(1024);
./albertobsd-keyhunt/keyhunt.cpp:1017:		checkpointer((void *)aux,__FILE__,"malloc","aux" ,__LINE__ - 1);
./albertobsd-keyhunt/keyhunt.cpp:1034:		bsgs_found = (int*) calloc(N,sizeof(int));
./albertobsd-keyhunt/keyhunt.cpp:1035:		checkpointer((void *)bsgs_found,__FILE__,"calloc","bsgs_found" ,__LINE__ -1 );
./albertobsd-keyhunt/keyhunt.cpp:1037:		OriginalPointsBSGScompressed = (bool*) malloc(N*sizeof(bool));
./albertobsd-keyhunt/keyhunt.cpp:1038:		checkpointer((void *)OriginalPointsBSGScompressed,__FILE__,"malloc","OriginalPointsBSGScompressed" ,__LINE__ -1 );
./albertobsd-keyhunt/keyhunt.cpp:1039:		pointx_str = (char*) malloc(65);
./albertobsd-keyhunt/keyhunt.cpp:1040:		checkpointer((void *)pointx_str,__FILE__,"malloc","pointx_str" ,__LINE__ -1 );
./albertobsd-keyhunt/keyhunt.cpp:1041:		pointy_str = (char*) malloc(65);
./albertobsd-keyhunt/keyhunt.cpp:1042:		checkpointer((void *)pointy_str,__FILE__,"malloc","pointy_str" ,__LINE__ -1 );
./albertobsd-keyhunt/keyhunt.cpp:1079:					freetokenizer(&tokenizerbsgs);
./albertobsd-keyhunt/keyhunt.cpp:1231:		free(hextemp);
./albertobsd-keyhunt/keyhunt.cpp:1263:		bloom_bP = (struct bloom*)calloc(256,sizeof(struct bloom));
./albertobsd-keyhunt/keyhunt.cpp:1264:		checkpointer((void *)bloom_bP,__FILE__,"calloc","bloom_bP" ,__LINE__ -1 );
./albertobsd-keyhunt/keyhunt.cpp:1265:		bloom_bP_checksums = (struct checksumsha256*)calloc(256,sizeof(struct checksumsha256));
./albertobsd-keyhunt/keyhunt.cpp:1266:		checkpointer((void *)bloom_bP_checksums,__FILE__,"calloc","bloom_bP_checksums" ,__LINE__ -1 );
./albertobsd-keyhunt/keyhunt.cpp:1269:		bloom_bP_mutex = (HANDLE*) calloc(256,sizeof(HANDLE));
./albertobsd-keyhunt/keyhunt.cpp:1272:		bloom_bP_mutex = (pthread_mutex_t*) calloc(256,sizeof(pthread_mutex_t));
./albertobsd-keyhunt/keyhunt.cpp:1274:		checkpointer((void *)bloom_bP_mutex,__FILE__,"calloc","bloom_bP_mutex" ,__LINE__ -1 );
./albertobsd-keyhunt/keyhunt.cpp:1298:		bloom_bPx2nd_mutex = (HANDLE*) calloc(256,sizeof(HANDLE));
./albertobsd-keyhunt/keyhunt.cpp:1300:		bloom_bPx2nd_mutex = (pthread_mutex_t*) calloc(256,sizeof(pthread_mutex_t));
./albertobsd-keyhunt/keyhunt.cpp:1302:		checkpointer((void *)bloom_bPx2nd_mutex,__FILE__,"calloc","bloom_bPx2nd_mutex" ,__LINE__ -1 );
./albertobsd-keyhunt/keyhunt.cpp:1303:		bloom_bPx2nd = (struct bloom*)calloc(256,sizeof(struct bloom));
./albertobsd-keyhunt/keyhunt.cpp:1304:		checkpointer((void *)bloom_bPx2nd,__FILE__,"calloc","bloom_bPx2nd" ,__LINE__ -1 );
./albertobsd-keyhunt/keyhunt.cpp:1305:		bloom_bPx2nd_checksums = (struct checksumsha256*) calloc(256,sizeof(struct checksumsha256));
./albertobsd-keyhunt/keyhunt.cpp:1306:		checkpointer((void *)bloom_bPx2nd_checksums,__FILE__,"calloc","bloom_bPx2nd_checksums" ,__LINE__ -1 );
./albertobsd-keyhunt/keyhunt.cpp:1325:		bloom_bPx3rd_mutex = (HANDLE*) calloc(256,sizeof(HANDLE));
./albertobsd-keyhunt/keyhunt.cpp:1327:		bloom_bPx3rd_mutex = (pthread_mutex_t*) calloc(256,sizeof(pthread_mutex_t));
./albertobsd-keyhunt/keyhunt.cpp:1329:		checkpointer((void *)bloom_bPx3rd_mutex,__FILE__,"calloc","bloom_bPx3rd_mutex" ,__LINE__ -1 );
./albertobsd-keyhunt/keyhunt.cpp:1330:		bloom_bPx3rd = (struct bloom*)calloc(256,sizeof(struct bloom));
./albertobsd-keyhunt/keyhunt.cpp:1331:		checkpointer((void *)bloom_bPx3rd,__FILE__,"calloc","bloom_bPx3rd" ,__LINE__ -1 );
./albertobsd-keyhunt/keyhunt.cpp:1332:		bloom_bPx3rd_checksums = (struct checksumsha256*) calloc(256,sizeof(struct checksumsha256));
./albertobsd-keyhunt/keyhunt.cpp:1333:		checkpointer((void *)bloom_bPx3rd_checksums,__FILE__,"calloc","bloom_bPx3rd_checksums" ,__LINE__ -1 );
./albertobsd-keyhunt/keyhunt.cpp:1416:		bPtable = (struct bsgs_xvalue*) malloc(bytes);
./albertobsd-keyhunt/keyhunt.cpp:1417:		checkpointer((void *)bPtable,__FILE__,"malloc","bPtable" ,__LINE__ -1 );
./albertobsd-keyhunt/keyhunt.cpp:1690:				tid = (HANDLE*)calloc(NTHREADS, sizeof(HANDLE));
./albertobsd-keyhunt/keyhunt.cpp:1691:				checkpointer((void *)tid,__FILE__,"calloc","tid" ,__LINE__ -1 );
./albertobsd-keyhunt/keyhunt.cpp:1692:				bPload_mutex = (HANDLE*) calloc(NTHREADS,sizeof(HANDLE));
./albertobsd-keyhunt/keyhunt.cpp:1694:				tid = (pthread_t *) calloc(NTHREADS,sizeof(pthread_t));
./albertobsd-keyhunt/keyhunt.cpp:1695:				bPload_mutex = (pthread_mutex_t*) calloc(NTHREADS,sizeof(pthread_mutex_t));
./albertobsd-keyhunt/keyhunt.cpp:1697:				checkpointer((void *)bPload_mutex,__FILE__,"calloc","bPload_mutex" ,__LINE__ -1 );
./albertobsd-keyhunt/keyhunt.cpp:1698:				bPload_temp_ptr = (struct bPload*) calloc(NTHREADS,sizeof(struct bPload));
./albertobsd-keyhunt/keyhunt.cpp:1699:				checkpointer((void *)bPload_temp_ptr,__FILE__,"calloc","bPload_temp_ptr" ,__LINE__ -1 );
./albertobsd-keyhunt/keyhunt.cpp:1700:				bPload_threads_available = (char*) calloc(NTHREADS,sizeof(char));
./albertobsd-keyhunt/keyhunt.cpp:1701:				checkpointer((void *)bPload_threads_available,__FILE__,"calloc","bPload_threads_available" ,__LINE__ -1 );
./albertobsd-keyhunt/keyhunt.cpp:1768:				free(tid);
./albertobsd-keyhunt/keyhunt.cpp:1769:				free(bPload_mutex);
./albertobsd-keyhunt/keyhunt.cpp:1770:				free(bPload_temp_ptr);
./albertobsd-keyhunt/keyhunt.cpp:1771:				free(bPload_threads_available);
./albertobsd-keyhunt/keyhunt.cpp:1801:				tid = (HANDLE*)calloc(NTHREADS, sizeof(HANDLE));
./albertobsd-keyhunt/keyhunt.cpp:1802:				bPload_mutex = (HANDLE*) calloc(NTHREADS,sizeof(HANDLE));
./albertobsd-keyhunt/keyhunt.cpp:1804:				tid = (pthread_t *) calloc(NTHREADS,sizeof(pthread_t));
./albertobsd-keyhunt/keyhunt.cpp:1805:				bPload_mutex = (pthread_mutex_t*) calloc(NTHREADS,sizeof(pthread_mutex_t));
./albertobsd-keyhunt/keyhunt.cpp:1807:				checkpointer((void *)tid,__FILE__,"calloc","tid" ,__LINE__ -1 );
./albertobsd-keyhunt/keyhunt.cpp:1808:				checkpointer((void *)bPload_mutex,__FILE__,"calloc","bPload_mutex" ,__LINE__ -1 );
./albertobsd-keyhunt/keyhunt.cpp:1810:				bPload_temp_ptr = (struct bPload*) calloc(NTHREADS,sizeof(struct bPload));
./albertobsd-keyhunt/keyhunt.cpp:1811:				checkpointer((void *)bPload_temp_ptr,__FILE__,"calloc","bPload_temp_ptr" ,__LINE__ -1 );
./albertobsd-keyhunt/keyhunt.cpp:1812:				bPload_threads_available = (char*) calloc(NTHREADS,sizeof(char));
./albertobsd-keyhunt/keyhunt.cpp:1813:				checkpointer((void *)bPload_threads_available,__FILE__,"calloc","bPload_threads_available" ,__LINE__ -1 );
./albertobsd-keyhunt/keyhunt.cpp:1883:				free(tid);
./albertobsd-keyhunt/keyhunt.cpp:1884:				free(bPload_mutex);
./albertobsd-keyhunt/keyhunt.cpp:1885:				free(bPload_temp_ptr);
./albertobsd-keyhunt/keyhunt.cpp:1886:				free(bPload_threads_available);
./albertobsd-keyhunt/keyhunt.cpp:2077:		steps = (uint64_t *) calloc(NTHREADS,sizeof(uint64_t));
./albertobsd-keyhunt/keyhunt.cpp:2078:		checkpointer((void *)steps,__FILE__,"calloc","steps" ,__LINE__ -1 );
./albertobsd-keyhunt/keyhunt.cpp:2079:		ends = (unsigned int *) calloc(NTHREADS,sizeof(int));
./albertobsd-keyhunt/keyhunt.cpp:2080:		checkpointer((void *)ends,__FILE__,"calloc","ends" ,__LINE__ -1 );
./albertobsd-keyhunt/keyhunt.cpp:2082:		tid = (HANDLE*)calloc(NTHREADS, sizeof(HANDLE));
./albertobsd-keyhunt/keyhunt.cpp:2084:		tid = (pthread_t *) calloc(NTHREADS,sizeof(pthread_t));
./albertobsd-keyhunt/keyhunt.cpp:2086:		checkpointer((void *)tid,__FILE__,"calloc","tid" ,__LINE__ -1 );
./albertobsd-keyhunt/keyhunt.cpp:2089:			tt = (tothread*) malloc(sizeof(struct tothread));
./albertobsd-keyhunt/keyhunt.cpp:2090:			checkpointer((void *)tt,__FILE__,"malloc","tt" ,__LINE__ -1 );
./albertobsd-keyhunt/keyhunt.cpp:2139:		free(aux);
./albertobsd-keyhunt/keyhunt.cpp:2142:		steps = (uint64_t *) calloc(NTHREADS,sizeof(uint64_t));
./albertobsd-keyhunt/keyhunt.cpp:2143:		checkpointer((void *)steps,__FILE__,"calloc","steps" ,__LINE__ -1 );
./albertobsd-keyhunt/keyhunt.cpp:2144:		ends = (unsigned int *) calloc(NTHREADS,sizeof(int));
./albertobsd-keyhunt/keyhunt.cpp:2145:		checkpointer((void *)ends,__FILE__,"calloc","ends" ,__LINE__ -1 );
./albertobsd-keyhunt/keyhunt.cpp:2147:		tid = (HANDLE*)calloc(NTHREADS, sizeof(HANDLE));
./albertobsd-keyhunt/keyhunt.cpp:2149:		tid = (pthread_t *) calloc(NTHREADS,sizeof(pthread_t));
./albertobsd-keyhunt/keyhunt.cpp:2151:		checkpointer((void *)tid,__FILE__,"calloc","tid" ,__LINE__ -1 );
./albertobsd-keyhunt/keyhunt.cpp:2153:			tt = (tothread*) malloc(sizeof(struct tothread));
./albertobsd-keyhunt/keyhunt.cpp:2154:			checkpointer((void *)tt,__FILE__,"malloc","tt" ,__LINE__ -1 );
./albertobsd-keyhunt/keyhunt.cpp:2282:					free(str_divpretotal);
./albertobsd-keyhunt/keyhunt.cpp:2294:				free(str_seconds);
./albertobsd-keyhunt/keyhunt.cpp:2295:				free(str_pretotal);
./albertobsd-keyhunt/keyhunt.cpp:2296:				free(str_total);
./albertobsd-keyhunt/keyhunt.cpp:2335:	char *pubaddress = (char*) calloc(MAXLENGTHADDRESS+10,1);
./albertobsd-keyhunt/keyhunt.cpp:2336:	char *digest = (char*) calloc(60,1);
./albertobsd-keyhunt/keyhunt.cpp:2338:	checkpointer((void *)pubaddress,__FILE__,"malloc","pubaddress" ,__LINE__ -1 );
./albertobsd-keyhunt/keyhunt.cpp:2339:	checkpointer((void *)digest,__FILE__,"malloc","digest" ,__LINE__ -1 );
./albertobsd-keyhunt/keyhunt.cpp:2354:	free(digest);
./albertobsd-keyhunt/keyhunt.cpp:2355:	return pubaddress;	// pubaddress need to be free by te caller funtion
./albertobsd-keyhunt/keyhunt.cpp:2402:	free(tt);
./albertobsd-keyhunt/keyhunt.cpp:2442:					raw_baseminikey = (char *) malloc(22);
./albertobsd-keyhunt/keyhunt.cpp:2443:					checkpointer((void *)raw_baseminikey,__FILE__,"malloc","raw_baseminikey" ,__LINE__ -1 );
./albertobsd-keyhunt/keyhunt.cpp:2541:								free(hextemp);
./albertobsd-keyhunt/keyhunt.cpp:2597:	free(tt);
./albertobsd-keyhunt/keyhunt.cpp:2600:	// GPU mode: pre-allocate batch buffers once per thread (避免重复 malloc/free)
./albertobsd-keyhunt/keyhunt.cpp:2604:		h_priv_le = (uint32_t*)malloc(GPU_BATCH_SIZE * 8 * sizeof(uint32_t));
./albertobsd-keyhunt/keyhunt.cpp:2605:		h_pubx_le = (uint32_t*)malloc(GPU_BATCH_SIZE * 8 * sizeof(uint32_t));
./albertobsd-keyhunt/keyhunt.cpp:2606:		h_puby_le = (uint32_t*)malloc(GPU_BATCH_SIZE * 8 * sizeof(uint32_t));
./albertobsd-keyhunt/keyhunt.cpp:2608:			fprintf(stderr, "[E] GPU batch malloc failed, thread %i\n", thread_number);
./albertobsd-keyhunt/keyhunt.cpp:2609:			if(h_priv_le) free(h_priv_le);
./albertobsd-keyhunt/keyhunt.cpp:2610:			if(h_pubx_le) free(h_pubx_le);
./albertobsd-keyhunt/keyhunt.cpp:2611:			if(h_puby_le) free(h_puby_le);
./albertobsd-keyhunt/keyhunt.cpp:2644:					free(hextemp);
./albertobsd-keyhunt/keyhunt.cpp:2651:					free(hextemp);
./albertobsd-keyhunt/keyhunt.cpp:2704:				// Buffers will be reused in next iteration (freed at thread exit)
./albertobsd-keyhunt/keyhunt.cpp:3242:		if(h_priv_le) free(h_priv_le);
./albertobsd-keyhunt/keyhunt.cpp:3243:		if(h_pubx_le) free(h_pubx_le);
./albertobsd-keyhunt/keyhunt.cpp:3244:		if(h_puby_le) free(h_puby_le);
./albertobsd-keyhunt/keyhunt.cpp:3293:	free(tt);
./albertobsd-keyhunt/keyhunt.cpp:3342:					free(hextemp);
./albertobsd-keyhunt/keyhunt.cpp:3349:					free(hextemp);
./albertobsd-keyhunt/keyhunt.cpp:3965:	free(tt);
./albertobsd-keyhunt/keyhunt.cpp:4007:			free(aux_c);
./albertobsd-keyhunt/keyhunt.cpp:4014:				free(aux_c);
./albertobsd-keyhunt/keyhunt.cpp:4123:								free(hextemp);
./albertobsd-keyhunt/keyhunt.cpp:4124:								free(aux_c);
./albertobsd-keyhunt/keyhunt.cpp:4201:	free(tt);
./albertobsd-keyhunt/keyhunt.cpp:4237:				free(aux_c);
./albertobsd-keyhunt/keyhunt.cpp:4244:				free(aux_c);
./albertobsd-keyhunt/keyhunt.cpp:4372:								free(hextemp);
./albertobsd-keyhunt/keyhunt.cpp:4373:								free(aux_c);
./albertobsd-keyhunt/keyhunt.cpp:4969:	free(tt);
./albertobsd-keyhunt/keyhunt.cpp:5043:			free(aux_c);
./albertobsd-keyhunt/keyhunt.cpp:5050:				free(aux_c);
./albertobsd-keyhunt/keyhunt.cpp:5177:								free(hextemp);
./albertobsd-keyhunt/keyhunt.cpp:5178:								free(aux_c);
./albertobsd-keyhunt/keyhunt.cpp:5257:	free(tt);
./albertobsd-keyhunt/keyhunt.cpp:5303:			free(aux_c);
./albertobsd-keyhunt/keyhunt.cpp:5310:				free(aux_c);
./albertobsd-keyhunt/keyhunt.cpp:5435:								free(hextemp);
./albertobsd-keyhunt/keyhunt.cpp:5436:								free(aux_c);
./albertobsd-keyhunt/keyhunt.cpp:5515:	free(tt);
./albertobsd-keyhunt/keyhunt.cpp:5587:			free(aux_c);
./albertobsd-keyhunt/keyhunt.cpp:5594:				free(aux_c);
./albertobsd-keyhunt/keyhunt.cpp:5719:									free(hextemp);
./albertobsd-keyhunt/keyhunt.cpp:5720:									free(aux_c);
./albertobsd-keyhunt/keyhunt.cpp:5990:	free(hextemp);
./albertobsd-keyhunt/keyhunt.cpp:5991:	free(hexrmd);
./albertobsd-keyhunt/keyhunt.cpp:6011:	vanity_address_targets = (char**)  realloc(vanity_address_targets,(vanity_rmd_targets+1) * sizeof(char*));
./albertobsd-keyhunt/keyhunt.cpp:6013:	checkpointer((void *)vanity_address_targets,__FILE__,"realloc","vanity_address_targets" ,__LINE__ -1 );
./albertobsd-keyhunt/keyhunt.cpp:6014:	vanity_rmd_limits = (int*) realloc(vanity_rmd_limits,(vanity_rmd_targets+1) * sizeof(int));
./albertobsd-keyhunt/keyhunt.cpp:6016:	checkpointer((void *)vanity_rmd_limits,__FILE__,"realloc","vanity_rmd_limits" ,__LINE__ -1 );
./albertobsd-keyhunt/keyhunt.cpp:6017:	vanity_rmd_limit_values_A = (uint8_t***)realloc(vanity_rmd_limit_values_A,(vanity_rmd_targets+1) * sizeof(unsigned char *));
./albertobsd-keyhunt/keyhunt.cpp:6018:	checkpointer((void *)vanity_rmd_limit_values_A,__FILE__,"realloc","vanity_rmd_limit_values_A" ,__LINE__ -1 );
./albertobsd-keyhunt/keyhunt.cpp:6020:	vanity_rmd_limit_values_B = (uint8_t***)realloc(vanity_rmd_limit_values_B,(vanity_rmd_targets+1) * sizeof(unsigned char *));
./albertobsd-keyhunt/keyhunt.cpp:6021:	checkpointer((void *)vanity_rmd_limit_values_B,__FILE__,"realloc","vanity_rmd_limit_values_B" ,__LINE__ -1 );
./albertobsd-keyhunt/keyhunt.cpp:6033:			vanity_rmd_limit_values_A[vanity_rmd_targets] = (uint8_t**)realloc(vanity_rmd_limit_values_A[vanity_rmd_targets],(j+1) * sizeof(unsigned char *));
./albertobsd-keyhunt/keyhunt.cpp:6034:			checkpointer((void *)vanity_rmd_limit_values_A[vanity_rmd_targets],__FILE__,"realloc","vanity_rmd_limit_values_A" ,__LINE__ -1 );
./albertobsd-keyhunt/keyhunt.cpp:6035:			vanity_rmd_limit_values_A[vanity_rmd_targets][j] = (uint8_t*)calloc(20,1);
./albertobsd-keyhunt/keyhunt.cpp:6036:			checkpointer((void *)vanity_rmd_limit_values_A[vanity_rmd_targets][j],__FILE__,"realloc","vanity_rmd_limit_values_A" ,__LINE__ -1 );
./albertobsd-keyhunt/keyhunt.cpp:6063:			vanity_rmd_limit_values_B[vanity_rmd_targets] = (uint8_t**)realloc(vanity_rmd_limit_values_B[vanity_rmd_targets],(j+1) * sizeof(unsigned char *));
./albertobsd-keyhunt/keyhunt.cpp:6064:			checkpointer((void *)vanity_rmd_limit_values_B[vanity_rmd_targets],__FILE__,"realloc","vanity_rmd_limit_values_B" ,__LINE__ -1 );
./albertobsd-keyhunt/keyhunt.cpp:6065:			checkpointer((void *)vanity_rmd_limit_values_B[vanity_rmd_targets],__FILE__,"realloc","vanity_rmd_limit_values_B" ,__LINE__ -1 );
./albertobsd-keyhunt/keyhunt.cpp:6066:			vanity_rmd_limit_values_B[vanity_rmd_targets][j] = (uint8_t*)calloc(20,1);
./albertobsd-keyhunt/keyhunt.cpp:6067:			checkpointer((void *)vanity_rmd_limit_values_B[vanity_rmd_targets][j],__FILE__,"calloc","vanity_rmd_limit_values_B" ,__LINE__ -1 );
./albertobsd-keyhunt/keyhunt.cpp:6094:		vanity_address_targets[vanity_rmd_targets] = (char*) calloc(targetsize+1,sizeof(char));
./albertobsd-keyhunt/keyhunt.cpp:6095:		checkpointer((void *)vanity_address_targets[vanity_rmd_targets],__FILE__,"calloc","vanity_address_targets" ,__LINE__ -1 );
./albertobsd-keyhunt/keyhunt.cpp:6103:			free(vanity_rmd_limit_values_A[vanity_rmd_targets][j]);
./albertobsd-keyhunt/keyhunt.cpp:6105:		free(vanity_rmd_limit_values_A[vanity_rmd_targets]);
./albertobsd-keyhunt/keyhunt.cpp:6109:			free(vanity_rmd_limit_values_B[vanity_rmd_targets][j]);
./albertobsd-keyhunt/keyhunt.cpp:6111:		free(vanity_rmd_limit_values_B[vanity_rmd_targets]);
./albertobsd-keyhunt/keyhunt.cpp:6177:	free(hextemp);
./albertobsd-keyhunt/keyhunt.cpp:6178:	free(hexrmd);
./albertobsd-keyhunt/keyhunt.cpp:6208:	free(hextemp);
./albertobsd-keyhunt/keyhunt.cpp:6340:			bloom.bf = (uint8_t*) malloc(bloom.bytes);
./albertobsd-keyhunt/keyhunt.cpp:6364:					free(hextemp);
./albertobsd-keyhunt/keyhunt.cpp:6400:			addressTable = (struct address_value*) malloc(dataSize);
./albertobsd-keyhunt/keyhunt.cpp:6489:	addressTable = (struct address_value*) malloc(sizeof(struct address_value)*numberItems);
./albertobsd-keyhunt/keyhunt.cpp:6490:	checkpointer((void *)addressTable,__FILE__,"malloc","addressTable" ,__LINE__ -1 );
./albertobsd-keyhunt/keyhunt.cpp:6563:	addressTable = (struct address_value*) malloc(sizeof(struct address_value)*numberItems);
./albertobsd-keyhunt/keyhunt.cpp:6564:	checkpointer((void *)addressTable,__FILE__,"malloc","addressTable" ,__LINE__ -1 );
./albertobsd-keyhunt/keyhunt.cpp:6642:	addressTable = (struct address_value*) malloc(sizeof(struct address_value)*numberItems);
./albertobsd-keyhunt/keyhunt.cpp:6643:	checkpointer((void *)addressTable,__FILE__,"malloc","addressTable" ,__LINE__ - 1);
./albertobsd-keyhunt/keyhunt.cpp:6700:			freetokenizer(&tokenizer_xpoint);
./albertobsd-keyhunt/keyhunt.cpp:6801:				free(hextemp);
./albertobsd-keyhunt/keyhunt_legacy.cpp:517:					checkpointer((void *)bit_range_str_min,__FILE__,"malloc","bit_range_str_min" ,__LINE__ -1);
./albertobsd-keyhunt/keyhunt_legacy.cpp:524:					checkpointer((void *)bit_range_str_max,__FILE__,"malloc","bit_range_str_min" ,__LINE__ -1);
./albertobsd-keyhunt/keyhunt_legacy.cpp:556:					str_baseminikey = (char*) malloc(23);
./albertobsd-keyhunt/keyhunt_legacy.cpp:557:					checkpointer((void *)str_baseminikey,__FILE__,"malloc","str_baseminikey" ,__LINE__ - 1);
./albertobsd-keyhunt/keyhunt_legacy.cpp:558:					raw_baseminikey = (char*) malloc(23);
./albertobsd-keyhunt/keyhunt_legacy.cpp:559:					checkpointer((void *)raw_baseminikey,__FILE__,"malloc","raw_baseminikey" ,__LINE__ - 1);
./albertobsd-keyhunt/keyhunt_legacy.cpp:657:							vanity_bloom = (struct bloom*) calloc(1,sizeof(struct bloom));
./albertobsd-keyhunt/keyhunt_legacy.cpp:658:							checkpointer((void *)vanity_bloom,__FILE__,"calloc","vanity_bloom" ,__LINE__ -1);
./albertobsd-keyhunt/keyhunt_legacy.cpp:726:					free(hextemp);
./albertobsd-keyhunt/keyhunt_legacy.cpp:742:					vanity_bloom = (struct bloom*) calloc(1,sizeof(struct bloom));
./albertobsd-keyhunt/keyhunt_legacy.cpp:743:					checkpointer((void *)vanity_bloom,__FILE__,"calloc","vanity_bloom" ,__LINE__ -1);
./albertobsd-keyhunt/keyhunt_legacy.cpp:898:			minikeyN = (char*) malloc(22);
./albertobsd-keyhunt/keyhunt_legacy.cpp:899:			checkpointer((void *)minikeyN,__FILE__,"malloc","minikeyN" ,__LINE__ -1);
./albertobsd-keyhunt/keyhunt_legacy.cpp:935:			free(hextemp);
./albertobsd-keyhunt/keyhunt_legacy.cpp:938:			free(hextemp);
./albertobsd-keyhunt/keyhunt_legacy.cpp:975:		aux = (char*) malloc(1024);
./albertobsd-keyhunt/keyhunt_legacy.cpp:976:		checkpointer((void *)aux,__FILE__,"malloc","aux" ,__LINE__ - 1);
./albertobsd-keyhunt/keyhunt_legacy.cpp:993:		bsgs_found = (int*) calloc(N,sizeof(int));
./albertobsd-keyhunt/keyhunt_legacy.cpp:994:		checkpointer((void *)bsgs_found,__FILE__,"calloc","bsgs_found" ,__LINE__ -1 );
./albertobsd-keyhunt/keyhunt_legacy.cpp:996:		OriginalPointsBSGScompressed = (bool*) malloc(N*sizeof(bool));
./albertobsd-keyhunt/keyhunt_legacy.cpp:997:		checkpointer((void *)OriginalPointsBSGScompressed,__FILE__,"malloc","OriginalPointsBSGScompressed" ,__LINE__ -1 );
./albertobsd-keyhunt/keyhunt_legacy.cpp:998:		pointx_str = (char*) malloc(65);
./albertobsd-keyhunt/keyhunt_legacy.cpp:999:		checkpointer((void *)pointx_str,__FILE__,"malloc","pointx_str" ,__LINE__ -1 );
./albertobsd-keyhunt/keyhunt_legacy.cpp:1000:		pointy_str = (char*) malloc(65);
./albertobsd-keyhunt/keyhunt_legacy.cpp:1001:		checkpointer((void *)pointy_str,__FILE__,"malloc","pointy_str" ,__LINE__ -1 );
./albertobsd-keyhunt/keyhunt_legacy.cpp:1037:					freetokenizer(&tokenizerbsgs);
./albertobsd-keyhunt/keyhunt_legacy.cpp:1188:		free(hextemp);
./albertobsd-keyhunt/keyhunt_legacy.cpp:1220:		bloom_bP = (struct bloom*)calloc(256,sizeof(struct bloom));
./albertobsd-keyhunt/keyhunt_legacy.cpp:1221:		checkpointer((void *)bloom_bP,__FILE__,"calloc","bloom_bP" ,__LINE__ -1 );
./albertobsd-keyhunt/keyhunt_legacy.cpp:1222:		bloom_bP_checksums = (struct checksumsha256*)calloc(256,sizeof(struct checksumsha256));
./albertobsd-keyhunt/keyhunt_legacy.cpp:1223:		checkpointer((void *)bloom_bP_checksums,__FILE__,"calloc","bloom_bP_checksums" ,__LINE__ -1 );
./albertobsd-keyhunt/keyhunt_legacy.cpp:1226:		bloom_bP_mutex = (HANDLE*) calloc(256,sizeof(HANDLE));
./albertobsd-keyhunt/keyhunt_legacy.cpp:1229:		bloom_bP_mutex = (pthread_mutex_t*) calloc(256,sizeof(pthread_mutex_t));
./albertobsd-keyhunt/keyhunt_legacy.cpp:1231:		checkpointer((void *)bloom_bP_mutex,__FILE__,"calloc","bloom_bP_mutex" ,__LINE__ -1 );
./albertobsd-keyhunt/keyhunt_legacy.cpp:1255:		bloom_bPx2nd_mutex = (HANDLE*) calloc(256,sizeof(HANDLE));
./albertobsd-keyhunt/keyhunt_legacy.cpp:1257:		bloom_bPx2nd_mutex = (pthread_mutex_t*) calloc(256,sizeof(pthread_mutex_t));
./albertobsd-keyhunt/keyhunt_legacy.cpp:1259:		checkpointer((void *)bloom_bPx2nd_mutex,__FILE__,"calloc","bloom_bPx2nd_mutex" ,__LINE__ -1 );
./albertobsd-keyhunt/keyhunt_legacy.cpp:1260:		bloom_bPx2nd = (struct bloom*)calloc(256,sizeof(struct bloom));
./albertobsd-keyhunt/keyhunt_legacy.cpp:1261:		checkpointer((void *)bloom_bPx2nd,__FILE__,"calloc","bloom_bPx2nd" ,__LINE__ -1 );
./albertobsd-keyhunt/keyhunt_legacy.cpp:1262:		bloom_bPx2nd_checksums = (struct checksumsha256*) calloc(256,sizeof(struct checksumsha256));
./albertobsd-keyhunt/keyhunt_legacy.cpp:1263:		checkpointer((void *)bloom_bPx2nd_checksums,__FILE__,"calloc","bloom_bPx2nd_checksums" ,__LINE__ -1 );
./albertobsd-keyhunt/keyhunt_legacy.cpp:1282:		bloom_bPx3rd_mutex = (HANDLE*) calloc(256,sizeof(HANDLE));
./albertobsd-keyhunt/keyhunt_legacy.cpp:1284:		bloom_bPx3rd_mutex = (pthread_mutex_t*) calloc(256,sizeof(pthread_mutex_t));
./albertobsd-keyhunt/keyhunt_legacy.cpp:1286:		checkpointer((void *)bloom_bPx3rd_mutex,__FILE__,"calloc","bloom_bPx3rd_mutex" ,__LINE__ -1 );
./albertobsd-keyhunt/keyhunt_legacy.cpp:1287:		bloom_bPx3rd = (struct bloom*)calloc(256,sizeof(struct bloom));
./albertobsd-keyhunt/keyhunt_legacy.cpp:1288:		checkpointer((void *)bloom_bPx3rd,__FILE__,"calloc","bloom_bPx3rd" ,__LINE__ -1 );
./albertobsd-keyhunt/keyhunt_legacy.cpp:1289:		bloom_bPx3rd_checksums = (struct checksumsha256*) calloc(256,sizeof(struct checksumsha256));
./albertobsd-keyhunt/keyhunt_legacy.cpp:1290:		checkpointer((void *)bloom_bPx3rd_checksums,__FILE__,"calloc","bloom_bPx3rd_checksums" ,__LINE__ -1 );
./albertobsd-keyhunt/keyhunt_legacy.cpp:1369:		bPtable = (struct bsgs_xvalue*) malloc(bytes);
./albertobsd-keyhunt/keyhunt_legacy.cpp:1370:		checkpointer((void *)bPtable,__FILE__,"malloc","bPtable" ,__LINE__ -1 );
./albertobsd-keyhunt/keyhunt_legacy.cpp:1643:				tid = (HANDLE*)calloc(NTHREADS, sizeof(HANDLE));
./albertobsd-keyhunt/keyhunt_legacy.cpp:1644:				checkpointer((void *)tid,__FILE__,"calloc","tid" ,__LINE__ -1 );
./albertobsd-keyhunt/keyhunt_legacy.cpp:1645:				bPload_mutex = (HANDLE*) calloc(NTHREADS,sizeof(HANDLE));
./albertobsd-keyhunt/keyhunt_legacy.cpp:1647:				tid = (pthread_t *) calloc(NTHREADS,sizeof(pthread_t));
./albertobsd-keyhunt/keyhunt_legacy.cpp:1648:				bPload_mutex = (pthread_mutex_t*) calloc(NTHREADS,sizeof(pthread_mutex_t));
./albertobsd-keyhunt/keyhunt_legacy.cpp:1650:				checkpointer((void *)bPload_mutex,__FILE__,"calloc","bPload_mutex" ,__LINE__ -1 );
./albertobsd-keyhunt/keyhunt_legacy.cpp:1651:				bPload_temp_ptr = (struct bPload*) calloc(NTHREADS,sizeof(struct bPload));
./albertobsd-keyhunt/keyhunt_legacy.cpp:1652:				checkpointer((void *)bPload_temp_ptr,__FILE__,"calloc","bPload_temp_ptr" ,__LINE__ -1 );
./albertobsd-keyhunt/keyhunt_legacy.cpp:1653:				bPload_threads_available = (char*) calloc(NTHREADS,sizeof(char));
./albertobsd-keyhunt/keyhunt_legacy.cpp:1654:				checkpointer((void *)bPload_threads_available,__FILE__,"calloc","bPload_threads_available" ,__LINE__ -1 );
./albertobsd-keyhunt/keyhunt_legacy.cpp:1724:				free(tid);
./albertobsd-keyhunt/keyhunt_legacy.cpp:1725:				free(bPload_mutex);
./albertobsd-keyhunt/keyhunt_legacy.cpp:1726:				free(bPload_temp_ptr);
./albertobsd-keyhunt/keyhunt_legacy.cpp:1727:				free(bPload_threads_available);
./albertobsd-keyhunt/keyhunt_legacy.cpp:1757:				tid = (HANDLE*)calloc(NTHREADS, sizeof(HANDLE));
./albertobsd-keyhunt/keyhunt_legacy.cpp:1758:				bPload_mutex = (HANDLE*) calloc(NTHREADS,sizeof(HANDLE));
./albertobsd-keyhunt/keyhunt_legacy.cpp:1760:				tid = (pthread_t *) calloc(NTHREADS,sizeof(pthread_t));
./albertobsd-keyhunt/keyhunt_legacy.cpp:1761:				bPload_mutex = (pthread_mutex_t*) calloc(NTHREADS,sizeof(pthread_mutex_t));
./albertobsd-keyhunt/keyhunt_legacy.cpp:1763:				checkpointer((void *)tid,__FILE__,"calloc","tid" ,__LINE__ -1 );
./albertobsd-keyhunt/keyhunt_legacy.cpp:1764:				checkpointer((void *)bPload_mutex,__FILE__,"calloc","bPload_mutex" ,__LINE__ -1 );
./albertobsd-keyhunt/keyhunt_legacy.cpp:1766:				bPload_temp_ptr = (struct bPload*) calloc(NTHREADS,sizeof(struct bPload));
./albertobsd-keyhunt/keyhunt_legacy.cpp:1767:				checkpointer((void *)bPload_temp_ptr,__FILE__,"calloc","bPload_temp_ptr" ,__LINE__ -1 );
./albertobsd-keyhunt/keyhunt_legacy.cpp:1768:				bPload_threads_available = (char*) calloc(NTHREADS,sizeof(char));
./albertobsd-keyhunt/keyhunt_legacy.cpp:1769:				checkpointer((void *)bPload_threads_available,__FILE__,"calloc","bPload_threads_available" ,__LINE__ -1 );
./albertobsd-keyhunt/keyhunt_legacy.cpp:1839:				free(tid);
./albertobsd-keyhunt/keyhunt_legacy.cpp:1840:				free(bPload_mutex);
./albertobsd-keyhunt/keyhunt_legacy.cpp:1841:				free(bPload_temp_ptr);
./albertobsd-keyhunt/keyhunt_legacy.cpp:1842:				free(bPload_threads_available);
./albertobsd-keyhunt/keyhunt_legacy.cpp:2033:		steps = (uint64_t *) calloc(NTHREADS,sizeof(uint64_t));
./albertobsd-keyhunt/keyhunt_legacy.cpp:2034:		checkpointer((void *)steps,__FILE__,"calloc","steps" ,__LINE__ -1 );
./albertobsd-keyhunt/keyhunt_legacy.cpp:2035:		ends = (unsigned int *) calloc(NTHREADS,sizeof(int));
./albertobsd-keyhunt/keyhunt_legacy.cpp:2036:		checkpointer((void *)ends,__FILE__,"calloc","ends" ,__LINE__ -1 );
./albertobsd-keyhunt/keyhunt_legacy.cpp:2038:		tid = (HANDLE*)calloc(NTHREADS, sizeof(HANDLE));
./albertobsd-keyhunt/keyhunt_legacy.cpp:2040:		tid = (pthread_t *) calloc(NTHREADS,sizeof(pthread_t));
./albertobsd-keyhunt/keyhunt_legacy.cpp:2042:		checkpointer((void *)tid,__FILE__,"calloc","tid" ,__LINE__ -1 );
./albertobsd-keyhunt/keyhunt_legacy.cpp:2045:			tt = (tothread*) malloc(sizeof(struct tothread));
./albertobsd-keyhunt/keyhunt_legacy.cpp:2046:			checkpointer((void *)tt,__FILE__,"malloc","tt" ,__LINE__ -1 );
./albertobsd-keyhunt/keyhunt_legacy.cpp:2097:		free(aux);
./albertobsd-keyhunt/keyhunt_legacy.cpp:2101:		steps = (uint64_t *) calloc(NTHREADS,sizeof(uint64_t));
./albertobsd-keyhunt/keyhunt_legacy.cpp:2102:		checkpointer((void *)steps,__FILE__,"calloc","steps" ,__LINE__ -1 );
./albertobsd-keyhunt/keyhunt_legacy.cpp:2103:		ends = (unsigned int *) calloc(NTHREADS,sizeof(int));
./albertobsd-keyhunt/keyhunt_legacy.cpp:2104:		checkpointer((void *)ends,__FILE__,"calloc","ends" ,__LINE__ -1 );
./albertobsd-keyhunt/keyhunt_legacy.cpp:2106:		tid = (HANDLE*)calloc(NTHREADS, sizeof(HANDLE));
./albertobsd-keyhunt/keyhunt_legacy.cpp:2108:		tid = (pthread_t *) calloc(NTHREADS,sizeof(pthread_t));
./albertobsd-keyhunt/keyhunt_legacy.cpp:2110:		checkpointer((void *)tid,__FILE__,"calloc","tid" ,__LINE__ -1 );
./albertobsd-keyhunt/keyhunt_legacy.cpp:2113:			tt = (tothread*) malloc(sizeof(struct tothread));
./albertobsd-keyhunt/keyhunt_legacy.cpp:2114:			checkpointer((void *)tt,__FILE__,"malloc","tt" ,__LINE__ -1 );
./albertobsd-keyhunt/keyhunt_legacy.cpp:2253:					free(str_divpretotal);
./albertobsd-keyhunt/keyhunt_legacy.cpp:2265:				free(str_seconds);
./albertobsd-keyhunt/keyhunt_legacy.cpp:2266:				free(str_pretotal);
./albertobsd-keyhunt/keyhunt_legacy.cpp:2267:				free(str_total);
./albertobsd-keyhunt/keyhunt_legacy.cpp:2306:	char *pubaddress = (char*) calloc(MAXLENGTHADDRESS+10,1);
./albertobsd-keyhunt/keyhunt_legacy.cpp:2307:	char *digest = (char*) calloc(60,1);
./albertobsd-keyhunt/keyhunt_legacy.cpp:2309:	checkpointer((void *)pubaddress,__FILE__,"malloc","pubaddress" ,__LINE__ -1 );
./albertobsd-keyhunt/keyhunt_legacy.cpp:2310:	checkpointer((void *)digest,__FILE__,"malloc","digest" ,__LINE__ -1 );
./albertobsd-keyhunt/keyhunt_legacy.cpp:2325:	free(digest);
./albertobsd-keyhunt/keyhunt_legacy.cpp:2326:	return pubaddress;	// pubaddress need to be free by te caller funtion
./albertobsd-keyhunt/keyhunt_legacy.cpp:2374:	free(tt);
./albertobsd-keyhunt/keyhunt_legacy.cpp:2414:					raw_baseminikey = (char *) malloc(22);
./albertobsd-keyhunt/keyhunt_legacy.cpp:2415:					checkpointer((void *)raw_baseminikey,__FILE__,"malloc","raw_baseminikey" ,__LINE__ -1 );
./albertobsd-keyhunt/keyhunt_legacy.cpp:2513:								free(hextemp);
./albertobsd-keyhunt/keyhunt_legacy.cpp:2566:	free(tt);
./albertobsd-keyhunt/keyhunt_legacy.cpp:2597:					free(hextemp);
./albertobsd-keyhunt/keyhunt_legacy.cpp:2604:					free(hextemp);
./albertobsd-keyhunt/keyhunt_legacy.cpp:3152:	free(tt);
./albertobsd-keyhunt/keyhunt_legacy.cpp:3201:					free(hextemp);
./albertobsd-keyhunt/keyhunt_legacy.cpp:3208:					free(hextemp);
./albertobsd-keyhunt/keyhunt_legacy.cpp:3297:							free(hextemp);		
./albertobsd-keyhunt/keyhunt_legacy.cpp:3303:							free(hextemp);								
./albertobsd-keyhunt/keyhunt_legacy.cpp:3310:							free(hextemp);
./albertobsd-keyhunt/keyhunt_legacy.cpp:3316:							free(hextemp);
./albertobsd-keyhunt/keyhunt_legacy.cpp:3321:							free(hextemp);
./albertobsd-keyhunt/keyhunt_legacy.cpp:3326:							free(hextemp);
./albertobsd-keyhunt/keyhunt_legacy.cpp:3439:											free(hextemp);
./albertobsd-keyhunt/keyhunt_legacy.cpp:3442:											free(hextemp);
./albertobsd-keyhunt/keyhunt_legacy.cpp:3446:											free(hextemp);
./albertobsd-keyhunt/keyhunt_legacy.cpp:3544:											free(hextemp);
./albertobsd-keyhunt/keyhunt_legacy.cpp:3547:											free(hextemp);
./albertobsd-keyhunt/keyhunt_legacy.cpp:3551:											free(hextemp);
./albertobsd-keyhunt/keyhunt_legacy.cpp:3905:	free(tt);
./albertobsd-keyhunt/keyhunt_legacy.cpp:3949:			free(aux_c);
./albertobsd-keyhunt/keyhunt_legacy.cpp:3956:				free(aux_c);
./albertobsd-keyhunt/keyhunt_legacy.cpp:4067:								free(hextemp);
./albertobsd-keyhunt/keyhunt_legacy.cpp:4068:								free(aux_c);
./albertobsd-keyhunt/keyhunt_legacy.cpp:4088:								free(hextemp);
./albertobsd-keyhunt/keyhunt_legacy.cpp:4089:								free(aux_c);
./albertobsd-keyhunt/keyhunt_legacy.cpp:4169:	free(tt);
./albertobsd-keyhunt/keyhunt_legacy.cpp:4208:				free(aux_c);
./albertobsd-keyhunt/keyhunt_legacy.cpp:4215:				free(aux_c);
./albertobsd-keyhunt/keyhunt_legacy.cpp:4343:								free(hextemp);
./albertobsd-keyhunt/keyhunt_legacy.cpp:4344:								free(aux_c);
./albertobsd-keyhunt/keyhunt_legacy.cpp:4561:				free(temphex);
./albertobsd-keyhunt/keyhunt_legacy.cpp:4568:					free(temphex);
./albertobsd-keyhunt/keyhunt_legacy.cpp:4601:						free(temphex);
./albertobsd-keyhunt/keyhunt_legacy.cpp:4632:						free(temphex);
./albertobsd-keyhunt/keyhunt_legacy.cpp:5078:	free(tt);
./albertobsd-keyhunt/keyhunt_legacy.cpp:5151:			free(aux_c);
./albertobsd-keyhunt/keyhunt_legacy.cpp:5158:				free(aux_c);
./albertobsd-keyhunt/keyhunt_legacy.cpp:5283:								free(hextemp);
./albertobsd-keyhunt/keyhunt_legacy.cpp:5284:								free(aux_c);
./albertobsd-keyhunt/keyhunt_legacy.cpp:5363:	free(tt);
./albertobsd-keyhunt/keyhunt_legacy.cpp:5409:			free(aux_c);
./albertobsd-keyhunt/keyhunt_legacy.cpp:5416:				free(aux_c);
./albertobsd-keyhunt/keyhunt_legacy.cpp:5541:								free(hextemp);
./albertobsd-keyhunt/keyhunt_legacy.cpp:5542:								free(aux_c);
./albertobsd-keyhunt/keyhunt_legacy.cpp:5622:	free(tt);
./albertobsd-keyhunt/keyhunt_legacy.cpp:5692:			free(aux_c);
./albertobsd-keyhunt/keyhunt_legacy.cpp:5699:				free(aux_c);
./albertobsd-keyhunt/keyhunt_legacy.cpp:5831:								free(hextemp);
./albertobsd-keyhunt/keyhunt_legacy.cpp:5832:								free(aux_c);
./albertobsd-keyhunt/keyhunt_legacy.cpp:6086:	free(hextemp);
./albertobsd-keyhunt/keyhunt_legacy.cpp:6087:	free(hexrmd);
./albertobsd-keyhunt/keyhunt_legacy.cpp:6107:	vanity_address_targets = (char**)  realloc(vanity_address_targets,(vanity_rmd_targets+1) * sizeof(char*));
./albertobsd-keyhunt/keyhunt_legacy.cpp:6109:	checkpointer((void *)vanity_address_targets,__FILE__,"realloc","vanity_address_targets" ,__LINE__ -1 );
./albertobsd-keyhunt/keyhunt_legacy.cpp:6110:	vanity_rmd_limits = (int*) realloc(vanity_rmd_limits,(vanity_rmd_targets+1) * sizeof(int));
./albertobsd-keyhunt/keyhunt_legacy.cpp:6112:	checkpointer((void *)vanity_rmd_limits,__FILE__,"realloc","vanity_rmd_limits" ,__LINE__ -1 );
./albertobsd-keyhunt/keyhunt_legacy.cpp:6113:	vanity_rmd_limit_values_A = (uint8_t***)realloc(vanity_rmd_limit_values_A,(vanity_rmd_targets+1) * sizeof(unsigned char *));
./albertobsd-keyhunt/keyhunt_legacy.cpp:6114:	checkpointer((void *)vanity_rmd_limit_values_A,__FILE__,"realloc","vanity_rmd_limit_values_A" ,__LINE__ -1 );
./albertobsd-keyhunt/keyhunt_legacy.cpp:6116:	vanity_rmd_limit_values_B = (uint8_t***)realloc(vanity_rmd_limit_values_B,(vanity_rmd_targets+1) * sizeof(unsigned char *));
./albertobsd-keyhunt/keyhunt_legacy.cpp:6117:	checkpointer((void *)vanity_rmd_limit_values_B,__FILE__,"realloc","vanity_rmd_limit_values_B" ,__LINE__ -1 );
./albertobsd-keyhunt/keyhunt_legacy.cpp:6129:			vanity_rmd_limit_values_A[vanity_rmd_targets] = (uint8_t**)realloc(vanity_rmd_limit_values_A[vanity_rmd_targets],(j+1) * sizeof(unsigned char *));
./albertobsd-keyhunt/keyhunt_legacy.cpp:6130:			checkpointer((void *)vanity_rmd_limit_values_A[vanity_rmd_targets],__FILE__,"realloc","vanity_rmd_limit_values_A" ,__LINE__ -1 );
./albertobsd-keyhunt/keyhunt_legacy.cpp:6131:			vanity_rmd_limit_values_A[vanity_rmd_targets][j] = (uint8_t*)calloc(20,1);
./albertobsd-keyhunt/keyhunt_legacy.cpp:6132:			checkpointer((void *)vanity_rmd_limit_values_A[vanity_rmd_targets][j],__FILE__,"realloc","vanity_rmd_limit_values_A" ,__LINE__ -1 );
./albertobsd-keyhunt/keyhunt_legacy.cpp:6159:			vanity_rmd_limit_values_B[vanity_rmd_targets] = (uint8_t**)realloc(vanity_rmd_limit_values_B[vanity_rmd_targets],(j+1) * sizeof(unsigned char *));
./albertobsd-keyhunt/keyhunt_legacy.cpp:6160:			checkpointer((void *)vanity_rmd_limit_values_B[vanity_rmd_targets],__FILE__,"realloc","vanity_rmd_limit_values_B" ,__LINE__ -1 );
./albertobsd-keyhunt/keyhunt_legacy.cpp:6161:			checkpointer((void *)vanity_rmd_limit_values_B[vanity_rmd_targets],__FILE__,"realloc","vanity_rmd_limit_values_B" ,__LINE__ -1 );
./albertobsd-keyhunt/keyhunt_legacy.cpp:6162:			vanity_rmd_limit_values_B[vanity_rmd_targets][j] = (uint8_t*)calloc(20,1);
./albertobsd-keyhunt/keyhunt_legacy.cpp:6163:			checkpointer((void *)vanity_rmd_limit_values_B[vanity_rmd_targets][j],__FILE__,"calloc","vanity_rmd_limit_values_B" ,__LINE__ -1 );
./albertobsd-keyhunt/keyhunt_legacy.cpp:6190:		vanity_address_targets[vanity_rmd_targets] = (char*) calloc(targetsize+1,sizeof(char));
./albertobsd-keyhunt/keyhunt_legacy.cpp:6191:		checkpointer((void *)vanity_address_targets[vanity_rmd_targets],__FILE__,"calloc","vanity_address_targets" ,__LINE__ -1 );
./albertobsd-keyhunt/keyhunt_legacy.cpp:6199:			free(vanity_rmd_limit_values_A[vanity_rmd_targets][j]);
./albertobsd-keyhunt/keyhunt_legacy.cpp:6201:		free(vanity_rmd_limit_values_A[vanity_rmd_targets]);
./albertobsd-keyhunt/keyhunt_legacy.cpp:6205:			free(vanity_rmd_limit_values_B[vanity_rmd_targets][j]);
./albertobsd-keyhunt/keyhunt_legacy.cpp:6207:		free(vanity_rmd_limit_values_B[vanity_rmd_targets]);
./albertobsd-keyhunt/keyhunt_legacy.cpp:6273:	free(hextemp);
./albertobsd-keyhunt/keyhunt_legacy.cpp:6274:	free(hexrmd);
./albertobsd-keyhunt/keyhunt_legacy.cpp:6304:	free(hextemp);
./albertobsd-keyhunt/keyhunt_legacy.cpp:6385:				free(hextemp);
./albertobsd-keyhunt/keyhunt_legacy.cpp:6445:			bloom.bf = (uint8_t*) malloc(bloom.bytes);
./albertobsd-keyhunt/keyhunt_legacy.cpp:6489:			addressTable = (struct address_value*) malloc(dataSize);
./albertobsd-keyhunt/keyhunt_legacy.cpp:6579:	addressTable = (struct address_value*) malloc(sizeof(struct address_value)*numberItems);
./albertobsd-keyhunt/keyhunt_legacy.cpp:6580:	checkpointer((void *)addressTable,__FILE__,"malloc","addressTable" ,__LINE__ -1 );
./albertobsd-keyhunt/keyhunt_legacy.cpp:6653:	addressTable = (struct address_value*) malloc(sizeof(struct address_value)*numberItems);
./albertobsd-keyhunt/keyhunt_legacy.cpp:6654:	checkpointer((void *)addressTable,__FILE__,"malloc","addressTable" ,__LINE__ -1 );
./albertobsd-keyhunt/keyhunt_legacy.cpp:6732:	addressTable = (struct address_value*) malloc(sizeof(struct address_value)*numberItems);
./albertobsd-keyhunt/keyhunt_legacy.cpp:6733:	checkpointer((void *)addressTable,__FILE__,"malloc","addressTable" ,__LINE__ - 1);
./albertobsd-keyhunt/keyhunt_legacy.cpp:6790:			freetokenizer(&tokenizer_xpoint);
./albertobsd-keyhunt/oldbloom/bloom.cpp:127:  bloom->bf = (uint8_t *)calloc(bloom->bytes, sizeof(uint8_t));
./albertobsd-keyhunt/oldbloom/bloom.cpp:185:void oldbloom_free(struct oldbloom * bloom)
./albertobsd-keyhunt/oldbloom/bloom.cpp:188:    free(bloom->bf);
./albertobsd-keyhunt/oldbloom/bloom.cpp:285:  bloom->bf = (unsigned char *)malloc(bloom->bytes);
./albertobsd-keyhunt/oldbloom/bloom.cpp:291:    free(bloom->bf);
./albertobsd-keyhunt/gpu_backend.cpp:194:  uint32_t* temp_priv_le = (uint32_t*)malloc(count * 8 * sizeof(uint32_t));
./albertobsd-keyhunt/gpu_backend.cpp:195:  uint32_t* temp_x_le = (uint32_t*)malloc(count * 8 * sizeof(uint32_t));
./albertobsd-keyhunt/gpu_backend.cpp:196:  uint32_t* temp_y_le = (uint32_t*)malloc(count * 8 * sizeof(uint32_t));
./albertobsd-keyhunt/gpu_backend.cpp:199:    if (temp_priv_le) free(temp_priv_le);
./albertobsd-keyhunt/gpu_backend.cpp:200:    if (temp_x_le) free(temp_x_le);
./albertobsd-keyhunt/gpu_backend.cpp:201:    if (temp_y_le) free(temp_y_le);
./albertobsd-keyhunt/gpu_backend.cpp:222:  free(temp_priv_le);
./albertobsd-keyhunt/gpu_backend.cpp:223:  free(temp_x_le);
./albertobsd-keyhunt/gpu_backend.cpp:224:  free(temp_y_le);
./albertobsd-keyhunt/util.c:76:		t->tokens = (char**) realloc(t->tokens,sizeof(char*)*t->n);
./albertobsd-keyhunt/util.c:86:void freetokenizer(Tokenizer *t)	{
./albertobsd-keyhunt/util.c:88:		free(t->tokens);
./albertobsd-keyhunt/util.c:101:  buffer = (char *) malloc((length * 2)+1);
./albertobsd-keyhunt/util.c:164:	l->data = (char**) realloc(l->data,sizeof(char*)* (l->n +1));
./albertobsd-keyhunt/bsgsd.cpp:516:		free(hextemp);
./albertobsd-keyhunt/bsgsd.cpp:551:		bloom_bP = (struct bloom*)calloc(256,sizeof(struct bloom));
./albertobsd-keyhunt/bsgsd.cpp:552:		checkpointer((void *)bloom_bP,__FILE__,"calloc","bloom_bP" ,__LINE__ -1 );
./albertobsd-keyhunt/bsgsd.cpp:553:		bloom_bP_checksums = (struct checksumsha256*)calloc(256,sizeof(struct checksumsha256));
./albertobsd-keyhunt/bsgsd.cpp:554:		checkpointer((void *)bloom_bP_checksums,__FILE__,"calloc","bloom_bP_checksums" ,__LINE__ -1 );
./albertobsd-keyhunt/bsgsd.cpp:556:		bloom_bP_mutex = (pthread_mutex_t*) calloc(256,sizeof(pthread_mutex_t));
./albertobsd-keyhunt/bsgsd.cpp:557:		checkpointer((void *)bloom_bP_mutex,__FILE__,"calloc","bloom_bP_mutex" ,__LINE__ -1 );
./albertobsd-keyhunt/bsgsd.cpp:575:		bloom_bPx2nd_mutex = (pthread_mutex_t*) calloc(256,sizeof(pthread_mutex_t));
./albertobsd-keyhunt/bsgsd.cpp:576:		checkpointer((void *)bloom_bPx2nd_mutex,__FILE__,"calloc","bloom_bPx2nd_mutex" ,__LINE__ -1 );
./albertobsd-keyhunt/bsgsd.cpp:577:		bloom_bPx2nd = (struct bloom*)calloc(256,sizeof(struct bloom));
./albertobsd-keyhunt/bsgsd.cpp:578:		checkpointer((void *)bloom_bPx2nd,__FILE__,"calloc","bloom_bPx2nd" ,__LINE__ -1 );
./albertobsd-keyhunt/bsgsd.cpp:579:		bloom_bPx2nd_checksums = (struct checksumsha256*) calloc(256,sizeof(struct checksumsha256));
./albertobsd-keyhunt/bsgsd.cpp:580:		checkpointer((void *)bloom_bPx2nd_checksums,__FILE__,"calloc","bloom_bPx2nd_checksums" ,__LINE__ -1 );
./albertobsd-keyhunt/bsgsd.cpp:593:		bloom_bPx3rd_mutex = (pthread_mutex_t*) calloc(256,sizeof(pthread_mutex_t));
./albertobsd-keyhunt/bsgsd.cpp:594:		checkpointer((void *)bloom_bPx3rd_mutex,__FILE__,"calloc","bloom_bPx3rd_mutex" ,__LINE__ -1 );
./albertobsd-keyhunt/bsgsd.cpp:595:		bloom_bPx3rd = (struct bloom*)calloc(256,sizeof(struct bloom));
./albertobsd-keyhunt/bsgsd.cpp:596:		checkpointer((void *)bloom_bPx3rd,__FILE__,"calloc","bloom_bPx3rd" ,__LINE__ -1 );
./albertobsd-keyhunt/bsgsd.cpp:597:		bloom_bPx3rd_checksums = (struct checksumsha256*) calloc(256,sizeof(struct checksumsha256));
./albertobsd-keyhunt/bsgsd.cpp:598:		checkpointer((void *)bloom_bPx3rd_checksums,__FILE__,"calloc","bloom_bPx3rd_checksums" ,__LINE__ -1 );
./albertobsd-keyhunt/bsgsd.cpp:680:		bPtable = (struct bsgs_xvalue*) malloc(bytes);
./albertobsd-keyhunt/bsgsd.cpp:681:		checkpointer((void *)bPtable,__FILE__,"malloc","bPtable" ,__LINE__ -1 );
./albertobsd-keyhunt/bsgsd.cpp:944:				tid = (pthread_t *) calloc(NTHREADS,sizeof(pthread_t));
./albertobsd-keyhunt/bsgsd.cpp:945:				bPload_mutex = (pthread_mutex_t*) calloc(NTHREADS,sizeof(pthread_mutex_t));
./albertobsd-keyhunt/bsgsd.cpp:946:				checkpointer((void *)bPload_mutex,__FILE__,"calloc","bPload_mutex" ,__LINE__ -1 );
./albertobsd-keyhunt/bsgsd.cpp:947:				bPload_temp_ptr = (struct bPload*) calloc(NTHREADS,sizeof(struct bPload));
./albertobsd-keyhunt/bsgsd.cpp:948:				checkpointer((void *)bPload_temp_ptr,__FILE__,"calloc","bPload_temp_ptr" ,__LINE__ -1 );
./albertobsd-keyhunt/bsgsd.cpp:949:				bPload_threads_available = (char*) calloc(NTHREADS,sizeof(char));
./albertobsd-keyhunt/bsgsd.cpp:950:				checkpointer((void *)bPload_threads_available,__FILE__,"calloc","bPload_threads_available" ,__LINE__ -1 );
./albertobsd-keyhunt/bsgsd.cpp:1008:				free(tid);
./albertobsd-keyhunt/bsgsd.cpp:1009:				free(bPload_mutex);
./albertobsd-keyhunt/bsgsd.cpp:1010:				free(bPload_temp_ptr);
./albertobsd-keyhunt/bsgsd.cpp:1011:				free(bPload_threads_available);
./albertobsd-keyhunt/bsgsd.cpp:1038:				tid = (pthread_t *) calloc(NTHREADS,sizeof(pthread_t));
./albertobsd-keyhunt/bsgsd.cpp:1039:				bPload_mutex = (pthread_mutex_t*) calloc(NTHREADS,sizeof(pthread_mutex_t));
./albertobsd-keyhunt/bsgsd.cpp:1040:				checkpointer((void *)tid,__FILE__,"calloc","tid" ,__LINE__ -1 );
./albertobsd-keyhunt/bsgsd.cpp:1041:				checkpointer((void *)bPload_mutex,__FILE__,"calloc","bPload_mutex" ,__LINE__ -1 );
./albertobsd-keyhunt/bsgsd.cpp:1043:				bPload_temp_ptr = (struct bPload*) calloc(NTHREADS,sizeof(struct bPload));
./albertobsd-keyhunt/bsgsd.cpp:1044:				checkpointer((void *)bPload_temp_ptr,__FILE__,"calloc","bPload_temp_ptr" ,__LINE__ -1 );
./albertobsd-keyhunt/bsgsd.cpp:1045:				bPload_threads_available = (char*) calloc(NTHREADS,sizeof(char));
./albertobsd-keyhunt/bsgsd.cpp:1046:				checkpointer((void *)bPload_threads_available,__FILE__,"calloc","bPload_threads_available" ,__LINE__ -1 );
./albertobsd-keyhunt/bsgsd.cpp:1105:				free(tid);
./albertobsd-keyhunt/bsgsd.cpp:1106:				free(bPload_mutex);
./albertobsd-keyhunt/bsgsd.cpp:1107:				free(bPload_temp_ptr);
./albertobsd-keyhunt/bsgsd.cpp:1108:				free(bPload_threads_available);
./albertobsd-keyhunt/bsgsd.cpp:1394:	char *pubaddress = (char*) calloc(MAXLENGTHADDRESS+10,1);
./albertobsd-keyhunt/bsgsd.cpp:1395:	char *digest = (char*) calloc(60,1);
./albertobsd-keyhunt/bsgsd.cpp:1397:	checkpointer((void *)pubaddress,__FILE__,"malloc","pubaddress" ,__LINE__ -1 );
./albertobsd-keyhunt/bsgsd.cpp:1398:	checkpointer((void *)digest,__FILE__,"malloc","digest" ,__LINE__ -1 );
./albertobsd-keyhunt/bsgsd.cpp:1413:	free(digest);
./albertobsd-keyhunt/bsgsd.cpp:1414:	return pubaddress;	// pubaddress need to be free by te caller funtion
./albertobsd-keyhunt/bsgsd.cpp:1427:	char *hash160 = (char*) malloc(20);
./albertobsd-keyhunt/bsgsd.cpp:1428:	char *digest = (char*) malloc(32);
./albertobsd-keyhunt/bsgsd.cpp:1429:	checkpointer((void *)hash160,__FILE__,"malloc","hash160" ,__LINE__ -1 );
./albertobsd-keyhunt/bsgsd.cpp:1430:	checkpointer((void *)digest,__FILE__,"malloc","digest" ,__LINE__ -1 );
./albertobsd-keyhunt/bsgsd.cpp:1436:	free(digest);
./albertobsd-keyhunt/bsgsd.cpp:1437:	return hash160;	// hash160 need to be free by te caller funtion
./albertobsd-keyhunt/bsgsd.cpp:1668:			free(hextemp);
./albertobsd-keyhunt/bsgsd.cpp:1669:			free(aux_c);
./albertobsd-keyhunt/bsgsd.cpp:1789:							free(hextemp);
./albertobsd-keyhunt/bsgsd.cpp:1790:							free(aux_c);
./albertobsd-keyhunt/bsgsd.cpp:2324:	free(hextemp);
./albertobsd-keyhunt/bsgsd.cpp:2325:	free(hexrmd);
./albertobsd-keyhunt/bsgsd.cpp:2373:		freetokenizer(&t);
./albertobsd-keyhunt/bsgsd.cpp:2381:		freetokenizer(&t);
./albertobsd-keyhunt/bsgsd.cpp:2388:		freetokenizer(&t);
./albertobsd-keyhunt/bsgsd.cpp:2397:	freetokenizer(&t);
./albertobsd-keyhunt/bsgsd.cpp:2405:	threads_created = (bool*) calloc(NTHREADS,sizeof(bool));
./albertobsd-keyhunt/bsgsd.cpp:2406:	threads = (pthread_t*) calloc(NTHREADS,sizeof(pthread_t));
./albertobsd-keyhunt/bsgsd.cpp:2407:	thread_args = (int*) calloc(NTHREADS,sizeof(int));
./albertobsd-keyhunt/bsgsd.cpp:2408:	checkpointer(threads_created,__FILE__,"calloc","threads_created",__LINE__);
./albertobsd-keyhunt/bsgsd.cpp:2409:	checkpointer(threads,__FILE__,"calloc","threads",__LINE__);
./albertobsd-keyhunt/bsgsd.cpp:2410:	checkpointer(thread_args,__FILE__,"calloc","thread_args",__LINE__);
./albertobsd-keyhunt/bsgsd.cpp:2438:	free(threads_created);
./albertobsd-keyhunt/bsgsd.cpp:2439:	free(threads);
./albertobsd-keyhunt/bsgsd.cpp:2440:	free(thread_args);
./albertobsd-keyhunt/bsgsd.cpp:2445:		free(hextemp);
./albertobsd-keyhunt/base58/base58.c:4: * This program is free software; you can redistribute it and/or modify it
./albertobsd-keyhunt/hash/sha256.cpp:5: * This program is free software: you can redistribute it and/or modify
./albertobsd-keyhunt/hash/sha512.cpp:5: * This program is free software: you can redistribute it and/or modify
./albertobsd-keyhunt/hash/sha256_sse.cpp:5: * This program is free software: you can redistribute it and/or modify
./albertobsd-keyhunt/hash/ripemd160_sse.cpp:5: * This program is free software: you can redistribute it and/or modify
./albertobsd-keyhunt/hash/ripemd160.cpp:5: * This program is free software: you can redistribute it and/or modify
./albertobsd-keyhunt/secp256k1/IntMod.cpp:5: * This program is free software: you can redistribute it and/or modify
./albertobsd-keyhunt/secp256k1/Random.cpp:5: * This program is free software: you can redistribute it and/or modify
./albertobsd-keyhunt/secp256k1/Int.cpp:5: * This program is free software: you can redistribute it and/or modify
./albertobsd-keyhunt/secp256k1/Int.cpp:958:  char *tmp =  (char*) calloc(1,256);
./albertobsd-keyhunt/secp256k1/Int.cpp:972:  char *tmp =  (char*) calloc(1,256);
./albertobsd-keyhunt/secp256k1/Int.cpp:1018:  char *ret = (char*) calloc(1,1024);
./albertobsd-keyhunt/secp256k1/Int.cpp:1067:  char *ret =  (char*) calloc(1,1024);
./albertobsd-keyhunt/secp256k1/Point.cpp:5: * This program is free software: you can redistribute it and/or modify
./albertobsd-keyhunt/secp256k1/SECP256K1.cpp:5: * This program is free software: you can redistribute it and/or modify
./albertobsd-keyhunt/secp256k1/SECP256K1.cpp:231:  char *ret = (char*) malloc(65);
./albertobsd-keyhunt/secp256k1/IntGroup.cpp:5: * This program is free software: you can redistribute it and/or modify
./albertobsd-keyhunt/secp256k1/IntGroup.cpp:24:  subp = (Int *)malloc(size * sizeof(Int));
./albertobsd-keyhunt/secp256k1/IntGroup.cpp:28:  free(subp);
./albertobsd-keyhunt/bloom/bloom.cpp:117:  bloom->bf = (uint8_t *)calloc(bloom->bytes, sizeof(uint8_t));
./albertobsd-keyhunt/bloom/bloom.cpp:175:void bloom_free(struct bloom * bloom)
./albertobsd-keyhunt/bloom/bloom.cpp:178:    free(bloom->bf);
./albertobsd-keyhunt/bloom/bloom.cpp:274:  bloom->bf = (unsigned char *)malloc(bloom->bytes);
./albertobsd-keyhunt/bloom/bloom.cpp:280:    free(bloom->bf);
./albertobsd-keyhunt/gmp256k1/Int.cpp:5: * This program is free software: you can redistribute it and/or modify
./albertobsd-keyhunt/gmp256k1/Int.cpp:220:	free(temp);
./albertobsd-keyhunt/gmp256k1/GMP256K1.cpp:243:  char *ret = (char*) malloc(65);
./albertobsd-keyhunt/gmp256k1/Point.cpp:5: * This program is free software: you can redistribute it and/or modify
./albertobsd-keyhunt/gmp256k1/Point.cpp:102:		free(ptrs[i]);
./albertobsd-keyhunt/gmp256k1/IntGroup.cpp:5: * This program is free software: you can redistribute it and/or modify
./albertobsd-keyhunt/gmp256k1/IntGroup.cpp:24:  subp = (Int *)calloc(size,sizeof(Int));
./albertobsd-keyhunt/gmp256k1/IntGroup.cpp:28:  free(subp);
