./test/fp.cu:16:__global__ void TestFp(const typename Field::Base *as,
./test/fp.cu:47:__global__ void TestFp_speed(const typename Field::Base *as,
./test/fp.cu:83:  cudaMallocManaged(&a, Field::SIZE * N);
./test/fp.cu:84:  cudaMallocManaged(&b, Field::SIZE * N);
./test/fp.cu:85:  cudaMallocManaged(&sum, Field::SIZE * N);
./test/fp.cu:86:  cudaMallocManaged(&prod, Field::SIZE * N);
./test/fp.cu:87:  cudaMallocManaged(&inv_prod, Field::SIZE * N);
./test/fp.cu:132:  cudaMallocManaged(&out, Field::SIZE * 32 * devProp.multiProcessorCount  * 256);
./test/fp.cu:151:  cudaFree(a);
./test/fp.cu:152:  cudaFree(b);
./test/fp.cu:153:  cudaFree(prod);
./test/fp.cu:154:  cudaFree(inv_prod);
./test/fp.cu:155:  cudaFree(out);
./test/performance_benchmark.cu:68:    cudaMalloc(&d_private_keys, data_size);
./test/performance_benchmark.cu:69:    cudaMalloc(&d_public_x, data_size);
./test/performance_benchmark.cu:70:    cudaMalloc(&d_public_y, data_size);
./test/performance_benchmark.cu:73:    cudaMemcpy(d_private_keys, h_private_keys.data(), data_size, cudaMemcpyHostToDevice);
./test/performance_benchmark.cu:95:    cudaFree(d_private_keys);
./test/performance_benchmark.cu:96:    cudaFree(d_public_x);
./test/performance_benchmark.cu:97:    cudaFree(d_public_y);
./test/performance_benchmark.cu:126:        cudaMalloc(&d_private_limbs[i], limb_size);
./test/performance_benchmark.cu:127:        cudaMalloc(&d_public_x_limbs[i], limb_size);
./test/performance_benchmark.cu:128:        cudaMalloc(&d_public_y_limbs[i], limb_size);
./test/performance_benchmark.cu:129:        cudaMemcpy(d_private_limbs[i], h_private_soa[i].data(), limb_size, cudaMemcpyHostToDevice);
./test/performance_benchmark.cu:134:    cudaMalloc(&d_private_ptrs, 8 * sizeof(uint32_t*));
./test/performance_benchmark.cu:135:    cudaMalloc(&d_public_x_ptrs, 8 * sizeof(uint32_t*));
./test/performance_benchmark.cu:136:    cudaMalloc(&d_public_y_ptrs, 8 * sizeof(uint32_t*));
./test/performance_benchmark.cu:137:    cudaMemcpy(d_private_ptrs, d_private_limbs.data(), 8 * sizeof(uint32_t*), cudaMemcpyHostToDevice);
./test/performance_benchmark.cu:138:    cudaMemcpy(d_public_x_ptrs, d_public_x_limbs.data(), 8 * sizeof(uint32_t*), cudaMemcpyHostToDevice);
./test/performance_benchmark.cu:139:    cudaMemcpy(d_public_y_ptrs, d_public_y_limbs.data(), 8 * sizeof(uint32_t*), cudaMemcpyHostToDevice);
./test/performance_benchmark.cu:162:        cudaFree(d_private_limbs[i]);
./test/performance_benchmark.cu:163:        cudaFree(d_public_x_limbs[i]);
./test/performance_benchmark.cu:164:        cudaFree(d_public_y_limbs[i]);
./test/performance_benchmark.cu:166:    cudaFree(d_private_ptrs);
./test/performance_benchmark.cu:167:    cudaFree(d_public_x_ptrs);
./test/performance_benchmark.cu:168:    cudaFree(d_public_y_ptrs);
./test/performance_benchmark.cu:188:    cudaMalloc(&d_private_keys, data_size);
./test/performance_benchmark.cu:189:    cudaMalloc(&d_public_x, data_size);
./test/performance_benchmark.cu:190:    cudaMalloc(&d_public_y, data_size);
./test/performance_benchmark.cu:193:    cudaMemcpy(d_private_keys, h_private_keys.data(), data_size, cudaMemcpyHostToDevice);
./test/performance_benchmark.cu:215:    cudaFree(d_private_keys);
./test/performance_benchmark.cu:216:    cudaFree(d_public_x);
./test/performance_benchmark.cu:217:    cudaFree(d_public_y);
